2025-09-28 18:29:53.377: [INFO] VisibilityChanged: 0
2025-09-28 18:29:53.434: [INFO] RecordSyncInitDuration has_sync_been_enabled: 0 state: 0
2025-09-28 18:29:53.435: [INFO] RecordSyncInitDuration has_sync_been_enabled: 0 state: 0
2025-09-28 18:29:53.436: [INFO] RecordSyncInitDuration has_sync_been_enabled: 0 state: 0
2025-09-28 18:29:53.436: [INFO] RecordSyncInitDuration has_sync_been_enabled: 0 state: 0
2025-09-28 18:29:53.437: [INFO] RecordSyncInitDuration has_sync_been_enabled: 0 state: 0
2025-09-28 18:29:53.438: [INFO] RecordSyncInitDuration has_sync_been_enabled: 0 state: 0
2025-09-28 18:29:53.438: [INFO] RecordSyncInitDuration has_sync_been_enabled: 0 state: 0
2025-09-28 18:29:53.439: [INFO] RecordSyncInitDuration has_sync_been_enabled: 0 state: 0
2025-09-28 18:29:53.440: [INFO] RecordSyncInitDuration has_sync_been_enabled: 0 state: 0
2025-09-28 18:29:53.440: [INFO] RecordSyncInitDuration has_sync_been_enabled: 0 state: 0
2025-09-28 18:29:53.441: [INFO] RecordSyncInitDuration has_sync_been_enabled: 0 state: 0
2025-09-28 18:29:53.516: [INFO] BookmarkModelLoaded, ids_reassigned: 0
2025-09-28 18:29:53.516: [INFO] OnDoneLoading sync enabled: 0
2025-09-28 18:29:53.523: [INFO] RecordSyncInitDuration has_sync_been_enabled: 0 state: 0
2025-09-28 18:30:00.014: [INFO] BookmarkNodeAdded, ABU: 0
2025-09-28 18:30:00.014: [INFO] BookmarkNodeAdded, ABU: 0
2025-09-28 18:30:00.014: [INFO] BookmarkNodeAdded, ABU: 0
2025-09-28 18:30:00.014: [INFO] BookmarkNodeAdded, ABU: 0
2025-09-28 18:30:00.014: [INFO] BookmarkNodeAdded, ABU: 0
2025-09-28 18:30:00.014: [INFO] BookmarkNodeAdded, ABU: 0
2025-09-28 18:30:00.014: [INFO] BookmarkNodeAdded, ABU: 0
2025-09-28 18:30:00.014: [INFO] BookmarkNodeAdded, ABU: 0
2025-09-28 18:30:00.014: [INFO] BookmarkNodeAdded, ABU: 0
2025-09-28 18:30:00.014: [INFO] BookmarkNodeAdded, ABU: 0
2025-09-28 18:30:00.014: [INFO] BookmarkNodeAdded, ABU: 0
2025-09-28 18:30:00.014: [INFO] BookmarkNodeAdded, ABU: 0
2025-09-28 18:33:35.809: [INFO] VisibilityChanged: 0
2025-09-28 18:33:35.912: [INFO] BookmarkModelLoaded, ids_reassigned: 0
2025-09-28 18:33:35.912: [INFO] OnDoneLoading sync enabled: 0
2025-09-28 18:33:35.915: [INFO] RecordSyncInitDuration has_sync_been_enabled: 0 state: 0
